
Showing logs for build [32mablazleon-udagram-api-users-mas-mmw2v-3[0m stage [32mfrom-build-pack[0m and container [32mcredential-initializer[0m
{"level":"info","ts":1594761071.4263725,"caller":"creds-init/main.go:44","msg":"Credentials initialized."}

Showing logs for build [32mablazleon-udagram-api-users-mas-mmw2v-3[0m stage [32mfrom-build-pack[0m and container [32mworking-dir-initializer[0m

Showing logs for build [32mablazleon-udagram-api-users-mas-mmw2v-3[0m stage [32mfrom-build-pack[0m and container [32mplace-tools[0m

Showing logs for build [32mablazleon-udagram-api-users-mas-mmw2v-3[0m stage [32mfrom-build-pack[0m and container [32mstep-git-source-ablazleon-udagram-api-users-mas-mmw2v-5r4ts[0m
{"level":"info","ts":1594761248.103874,"caller":"git/git.go:105","msg":"Successfully cloned https://github.com/*********/udagram-api-users.git @ v0.0.3 in path /workspace/source"}
{"level":"warn","ts":1594761248.3091273,"caller":"git/git.go:152","msg":"Unexpected error: creating symlink: symlink /tekton/home/.ssh /root/.ssh: file exists"}
{"level":"info","ts":1594761249.0260887,"caller":"git/git.go:133","msg":"Successfully initialized and updated submodules in path /workspace/source"}

Showing logs for build [32mablazleon-udagram-api-users-mas-mmw2v-3[0m stage [32mfrom-build-pack[0m and container [32mstep-setup-builder-home[0m

Showing logs for build [32mablazleon-udagram-api-users-mas-mmw2v-3[0m stage [32mfrom-build-pack[0m and container [32mstep-git-merge[0m
Using SHAs from PULL_REFS=master:ecca9434004c92ca2be0fcc581d8776447024466
WARNING: no SHAs to merge, falling back to initial cloned commit

Showing logs for build [32mablazleon-udagram-api-users-mas-mmw2v-3[0m stage [32mfrom-build-pack[0m and container [32mstep-setup-jx-git-credentials[0m
Generated Git credentials file /workspace/xdg_config/git/credentials

Showing logs for build [32mablazleon-udagram-api-users-mas-mmw2v-3[0m stage [32mfrom-build-pack[0m and container [32mstep-build-npmrc[0m
WARNING: failed to find Secret npm-token in namespace **

Showing logs for build [32mablazleon-udagram-api-users-mas-mmw2v-3[0m stage [32mfrom-build-pack[0m and container [32mstep-build-npm-install[0m

> bcrypt@3.0.6 install /workspace/source/node_modules/bcrypt
> node-pre-gyp install --fallback-to-build

node-pre-gyp WARN Using needle for node-pre-gyp https download 
[bcrypt] Success: "/workspace/source/node_modules/bcrypt/lib/binding/bcrypt_lib.node" is installed via remote
npm WARN udagram-api@2.0.0 No description
npm WARN udagram-api@2.0.0 No repository field.

added 511 packages from 965 contributors and audited 515 packages in 25.746s
found 22 vulnerabilities (21 low, 1 moderate)
  run `npm audit fix` to fix them, or `npm audit` for details

Showing logs for build [32mablazleon-udagram-api-users-mas-mmw2v-3[0m stage [32mfrom-build-pack[0m and container [32mstep-build-npm-test[0m

> udagram-api@2.0.0 test /workspace/source
> echo "Error: no test specified" 

Error: no test specified

Showing logs for build [32mablazleon-udagram-api-users-mas-mmw2v-3[0m stage [32mfrom-build-pack[0m and container [32mstep-build-container-build[0m
E0714 21:14:42.265769      10 aws_credentials.go:77] while getting AWS credentials NoCredentialProviders: no valid providers in chain. Deprecated.
	For verbose messaging see aws.Config.CredentialsChainVerboseErrors
[36mINFO[0m[0001] Using dockerignore file: /workspace/source/.dockerignore 
[36mINFO[0m[0001] Retrieving image manifest node:13            
E0714 21:14:42.546241      10 metadata.go:154] while reading 'google-dockercfg' metadata: http status code: 404 while fetching url http://metadata.google.internal./computeMetadata/v1/instance/attributes/google-dockercfg
E0714 21:14:42.548921      10 metadata.go:166] while reading 'google-dockercfg-url' metadata: http status code: 404 while fetching url http://metadata.google.internal./computeMetadata/v1/instance/attributes/google-dockercfg-url
[36mINFO[0m[0001] Retrieving image manifest node:13            
[36mINFO[0m[0001] Built cross stage deps: map[]                
[36mINFO[0m[0001] Retrieving image manifest node:13            
[36mINFO[0m[0001] Retrieving image manifest node:13            
[36mINFO[0m[0002] Executing 0 build triggers                   
[36mINFO[0m[0002] Resolving srcs [package*.json]...            
[36mINFO[0m[0002] Checking for cached layer gcr.io/myenv-283021/cache:44ca7cab85c5ab720df81aee214cee256e3c6a7807abb1a389747ad476bd1f1d... 
[36mINFO[0m[0002] Using caching version of cmd: COPY package*.json ./ 
[36mINFO[0m[0002] Checking for cached layer gcr.io/myenv-283021/cache:04635e0499fdf282ccc490cf0103bba86002afca55ad4e56184cf1d821f32c40... 
[36mINFO[0m[0002] Using caching version of cmd: RUN npm install 
[36mINFO[0m[0004] Checking for cached layer gcr.io/myenv-283021/cache:39ebcf12db5a690c0245c9b493178a84fff60682697068a4148d7cf3eadd20eb... 
[36mINFO[0m[0005] No cached layer found for cmd COPY . .       
[36mINFO[0m[0005] cmd: EXPOSE                                  
[36mINFO[0m[0005] Adding exposed port: 8080/tcp                
[36mINFO[0m[0005] Unpacking rootfs as cmd COPY . . requires it. 
[36mINFO[0m[0041] WORKDIR /usr/src/app                         
[36mINFO[0m[0041] cmd: workdir                                 
[36mINFO[0m[0041] Changed working directory to /usr/src/app    
[36mINFO[0m[0041] Creating directory /usr/src/app              
[36mINFO[0m[0041] Resolving 1 paths                            
[36mINFO[0m[0041] Taking snapshot of files...                  
[36mINFO[0m[0041] Resolving srcs [package*.json]...            
[36mINFO[0m[0043] COPY package*.json ./                        
[36mINFO[0m[0043] Found cached layer, extracting to filesystem 
[36mINFO[0m[0043] RUN npm install                              
[36mINFO[0m[0043] Found cached layer, extracting to filesystem 
[36mINFO[0m[0053] COPY . .                                     
[36mINFO[0m[0054] Resolving 212 paths                          
[36mINFO[0m[0054] Taking snapshot of files...                  
[36mINFO[0m[0055] EXPOSE 8080                                  
[36mINFO[0m[0055] cmd: EXPOSE                                  
[36mINFO[0m[0055] Adding exposed port: 8080/tcp                
[36mINFO[0m[0055] No files changed in this command, skipping snapshotting. 
[36mINFO[0m[0055] CMD [ "npm", "run", "prod" ]                 
[36mINFO[0m[0055] No files changed in this command, skipping snapshotting. 
[36mINFO[0m[0055] Pushing layer gcr.io/myenv-283021/cache:39ebcf12db5a690c0245c9b493178a84fff60682697068a4148d7cf3eadd20eb to cache now 

Showing logs for build [32mablazleon-udagram-api-users-mas-mmw2v-3[0m stage [32mfrom-build-pack[0m and container [32mstep-build-post-build[0m
no CVE provider running in the current ** namespace so skip adding image to be analysed

Showing logs for build [32mablazleon-udagram-api-users-mas-mmw2v-3[0m stage [32mfrom-build-pack[0m and container [32mstep-promote-changelog[0m
Converted /workspace/source/charts/udagram-api-users to an unshallow repository
Generating change log from git ref f4d459ae42bd872bfbedae30e4bf1651a79c9d49 => 6fcb2812493fce4e32a6ffc883d842d4e3b7ff70
Associating user ********* in users.jenkins.io with email adrian.blazquez.leon@alumnos.upm.es to git GitProvider user with login -0 as emails match
Adding label jenkins.io/git-github-userid=-0 to user ********* in users.jenkins.io
WARNING: Failed to enrich commit ba9e27f06c3e233e2c3f9c8e4c376e631cc838c1 with issues: User.jenkins.io "*********" is invalid: metadata.labels: Invalid value: "-0": a valid label must be an empty string or consist of alphanumeric characters, '-', '_' or '.', and must start and end with an alphanumeric character (e.g. 'MyValue',  or 'my_value',  or '12345', regex used for validation is '(([A-Za-z0-9][-A-Za-z0-9_.]*)?[A-Za-z0-9])?')
WARNING: Failed to enrich commit ba9e27f06c3e233e2c3f9c8e4c376e631cc838c1 with issues: users.jenkins.io "x-0" already exists
Finding issues in commit messages using git format
WARNING: No release found for *********/udagram-api-users and tag v0.0.3 so creating a new release
Updated the release information at https://github.com/*********/udagram-api-users/releases/tag/v0.0.3
generated: /workspace/source/charts/udagram-api-users/templates/release.yaml
Created Release udagram-api-users-0-0-3 resource in namespace **
Updating PipelineActivity *********-udagram-api-users-master-3 with version 0.0.3
Updated PipelineActivities *********-udagram-api-users-master-3 with release notes URL: https://github.com/*********/udagram-api-users/releases/tag/v0.0.3

Showing logs for build [32mablazleon-udagram-api-users-mas-mmw2v-3[0m stage [32mfrom-build-pack[0m and container [32mstep-promote-helm-release[0m
WARNING: No $CHART_REPOSITORY defined so using the default value of: http://jenkins-x-chartmuseum:8080
Adding missing Helm repo: storage.googleapis.com https://storage.googleapis.com/chartmuseum.jenkins-x.io
Successfully added Helm repository storage.googleapis.com.
Adding missing Helm repo: jenkins-x-chartmuseum http://jenkins-x-chartmuseum:8080
Successfully added Helm repository jenkins-x-chartmuseum.
WARNING: No $CHART_REPOSITORY defined so using the default value of: http://jenkins-x-chartmuseum:8080
Uploading chart file udagram-api-users-0.0.3.tgz to http://jenkins-x-chartmuseum:8080/api/charts
Received 201 response: {"saved":true}

Showing logs for build [32mablazleon-udagram-api-users-mas-mmw2v-3[0m stage [32mfrom-build-pack[0m and container [32mstep-promote-jx-promote[0m
WARNING: prow based install so skip waiting for the merge of Pull Requests to go green as currently there is an issue with gettingstatuses from the PR, see https://github.com/jenkins-x/**/issues/2410
WARNING: No $CHART_REPOSITORY defined so using the default value of: http://jenkins-x-chartmuseum:8080
Promoting app udagram-api-users version 0.0.3 to namespace **-staging
Created Pull Request: https://github.com/*********/environment-udagramcluster-staging/pull/6
Added label updatebot to Pull Request https://github.com/*********/environment-udagramcluster-staging/pull/6
got git provider status pending from PR https://github.com/*********/environment-udagramcluster-staging/pull/6
got git provider status pending from PR https://github.com/*********/environment-udagramcluster-staging/pull/6
Pull Request https://github.com/*********/environment-udagramcluster-staging/pull/6 is merged at sha 69578265a4836b6f937d75d9a6de7ff2dfe6a6a4
Pull Request merged but we are not waiting for the update pipeline to complete!
