
Showing logs for build [32mablazleon-udagram-api-users-pr-92r7j-1[0m stage [32mfrom-build-pack[0m and container [32mcredential-initializer[0m
{"level":"info","ts":1594761037.8271961,"caller":"creds-init/main.go:44","msg":"Credentials initialized."}

Showing logs for build [32mablazleon-udagram-api-users-pr-92r7j-1[0m stage [32mfrom-build-pack[0m and container [32mworking-dir-initializer[0m

Showing logs for build [32mablazleon-udagram-api-users-pr-92r7j-1[0m stage [32mfrom-build-pack[0m and container [32mplace-tools[0m

Showing logs for build [32mablazleon-udagram-api-users-pr-92r7j-1[0m stage [32mfrom-build-pack[0m and container [32mstep-git-source-ablazleon-udagram-api-users-pr-92r7j-2wbkm[0m
{"level":"info","ts":1594761046.717047,"caller":"git/git.go:105","msg":"Successfully cloned https://github.com/*********/udagram-api-users.git @ master in path /workspace/source"}
{"level":"warn","ts":1594761046.7171655,"caller":"git/git.go:152","msg":"Unexpected error: creating symlink: symlink /tekton/home/.ssh /root/.ssh: file exists"}
{"level":"info","ts":1594761046.7654927,"caller":"git/git.go:133","msg":"Successfully initialized and updated submodules in path /workspace/source"}

Showing logs for build [32mablazleon-udagram-api-users-pr-92r7j-1[0m stage [32mfrom-build-pack[0m and container [32mstep-setup-builder-home[0m

Showing logs for build [32mablazleon-udagram-api-users-pr-92r7j-1[0m stage [32mfrom-build-pack[0m and container [32mstep-git-merge[0m
Using SHAs from PULL_REFS=master:4899316d4e0f195cb803ec85e17897bed25ce5e2,3:ba9e27f06c3e233e2c3f9c8e4c376e631cc838c1
DEBUG: LC_ALL=C JX_LOG_LEVEL=error git fetch origin --unshallow ba9e27f06c3e233e2c3f9c8e4c376e631cc838c1: 4899316d4e0f195cb803ec85e17897bed25ce5e2:
DEBUG: ran git fetch --unshallow origin ba9e27f06c3e233e2c3f9c8e4c376e631cc838c1: 4899316d4e0f195cb803ec85e17897bed25ce5e2: in 
DEBUG: LC_ALL=C JX_LOG_LEVEL=error git branch
DEBUG: LC_ALL=C JX_LOG_LEVEL=error git checkout master
DEBUG: ran git checkout master in 
DEBUG: LC_ALL=C JX_LOG_LEVEL=error git reset --hard 4899316d4e0f195cb803ec85e17897bed25ce5e2
DEBUG: ran git reset --hard 4899316d4e0f195cb803ec85e17897bed25ce5e2 in 
DEBUG: LC_ALL=C JX_LOG_LEVEL=error git clean -fd .
DEBUG: ran clean --force -d . in 
DEBUG: LC_ALL=C JX_LOG_LEVEL=error git merge ba9e27f06c3e233e2c3f9c8e4c376e631cc838c1
DEBUG: ran git merge ba9e27f06c3e233e2c3f9c8e4c376e631cc838c1 in 
DEBUG: LC_ALL=C JX_LOG_LEVEL=error git log --format=%H%x1f%an%x1f%ae%x1f%cn%x1f%ce%x1f%s%n%b%x1e 4899316d4e0f195cb803ec85e17897bed25ce5e2..HEAD
Merged SHA ba9e27f06c3e233e2c3f9c8e4c376e631cc838c1 with commit message 'Create README.md' into base branch master

Showing logs for build [32mablazleon-udagram-api-users-pr-92r7j-1[0m stage [32mfrom-build-pack[0m and container [32mstep-build-npmrc[0m
WARNING: failed to find Secret npm-token in namespace **

Showing logs for build [32mablazleon-udagram-api-users-pr-92r7j-1[0m stage [32mfrom-build-pack[0m and container [32mstep-build-npm-install[0m

> bcrypt@3.0.6 install /workspace/source/node_modules/bcrypt
> node-pre-gyp install --fallback-to-build

node-pre-gyp WARN Using needle for node-pre-gyp https download 
[bcrypt] Success: "/workspace/source/node_modules/bcrypt/lib/binding/bcrypt_lib.node" is installed via remote
npm WARN udagram-api@2.0.0 No description
npm WARN udagram-api@2.0.0 No repository field.

added 511 packages from 965 contributors and audited 515 packages in 15.679s
found 22 vulnerabilities (21 low, 1 moderate)
  run `npm audit fix` to fix them, or `npm audit` for details

Showing logs for build [32mablazleon-udagram-api-users-pr-92r7j-1[0m stage [32mfrom-build-pack[0m and container [32mstep-build-npm-test[0m

> udagram-api@2.0.0 test /workspace/source
> echo "Error: no test specified" 

Error: no test specified

Showing logs for build [32mablazleon-udagram-api-users-pr-92r7j-1[0m stage [32mfrom-build-pack[0m and container [32mstep-build-container-build[0m
E0714 21:11:09.207800       9 aws_credentials.go:77] while getting AWS credentials NoCredentialProviders: no valid providers in chain. Deprecated.
	For verbose messaging see aws.Config.CredentialsChainVerboseErrors
[36mINFO[0m[0001] Using dockerignore file: /workspace/source/.dockerignore 
[36mINFO[0m[0001] Retrieving image manifest node:13            
E0714 21:11:09.856440       9 metadata.go:154] while reading 'google-dockercfg' metadata: http status code: 404 while fetching url http://metadata.google.internal./computeMetadata/v1/instance/attributes/google-dockercfg
E0714 21:11:09.862220       9 metadata.go:166] while reading 'google-dockercfg-url' metadata: http status code: 404 while fetching url http://metadata.google.internal./computeMetadata/v1/instance/attributes/google-dockercfg-url
[36mINFO[0m[0002] Retrieving image manifest node:13            
[36mINFO[0m[0003] Built cross stage deps: map[]                
[36mINFO[0m[0003] Retrieving image manifest node:13            
[36mINFO[0m[0003] Retrieving image manifest node:13            
[36mINFO[0m[0003] Executing 0 build triggers                   
[36mINFO[0m[0003] Resolving srcs [package*.json]...            
[36mINFO[0m[0003] Checking for cached layer gcr.io/myenv-283021/cache:44ca7cab85c5ab720df81aee214cee256e3c6a7807abb1a389747ad476bd1f1d... 
[36mINFO[0m[0004] Using caching version of cmd: COPY package*.json ./ 
[36mINFO[0m[0004] Checking for cached layer gcr.io/myenv-283021/cache:04635e0499fdf282ccc490cf0103bba86002afca55ad4e56184cf1d821f32c40... 
[36mINFO[0m[0004] Using caching version of cmd: RUN npm install 
[36mINFO[0m[0005] Checking for cached layer gcr.io/myenv-283021/cache:8d89a4ada30f56186331f72b1f54a4801b0497d2573c87094338ec942822785e... 
[36mINFO[0m[0006] No cached layer found for cmd COPY . .       
[36mINFO[0m[0006] cmd: EXPOSE                                  
[36mINFO[0m[0006] Adding exposed port: 8080/tcp                
[36mINFO[0m[0006] Unpacking rootfs as cmd COPY . . requires it. 
[36mINFO[0m[0028] WORKDIR /usr/src/app                         
[36mINFO[0m[0028] cmd: workdir                                 
[36mINFO[0m[0028] Changed working directory to /usr/src/app    
[36mINFO[0m[0028] Creating directory /usr/src/app              
[36mINFO[0m[0028] Resolving 1 paths                            
[36mINFO[0m[0028] Taking snapshot of files...                  
[36mINFO[0m[0028] Resolving srcs [package*.json]...            
[36mINFO[0m[0029] COPY package*.json ./                        
[36mINFO[0m[0029] Found cached layer, extracting to filesystem 
[36mINFO[0m[0029] RUN npm install                              
[36mINFO[0m[0029] Found cached layer, extracting to filesystem 
[36mINFO[0m[0037] COPY . .                                     
[36mINFO[0m[0038] Resolving 246 paths                          
[36mINFO[0m[0038] Taking snapshot of files...                  
[36mINFO[0m[0038] EXPOSE 8080                                  
[36mINFO[0m[0038] cmd: EXPOSE                                  
[36mINFO[0m[0038] Adding exposed port: 8080/tcp                
[36mINFO[0m[0038] No files changed in this command, skipping snapshotting. 
[36mINFO[0m[0038] CMD [ "npm", "run", "prod" ]                 
[36mINFO[0m[0038] No files changed in this command, skipping snapshotting. 
[36mINFO[0m[0038] Pushing layer gcr.io/myenv-283021/cache:8d89a4ada30f56186331f72b1f54a4801b0497d2573c87094338ec942822785e to cache now 

Showing logs for build [32mablazleon-udagram-api-users-pr-92r7j-1[0m stage [32mfrom-build-pack[0m and container [32mstep-postbuild-post-build[0m
no CVE provider running in the current ** namespace so skip adding image to be analysed

Showing logs for build [32mablazleon-udagram-api-users-pr-92r7j-1[0m stage [32mfrom-build-pack[0m and container [32mstep-promote-make-preview[0m
sed -i -e "s/version:.*/version: 0.0.0-SNAPSHOT-PR-3-1/" Chart.yaml
sed -i -e "s/version:.*/version: 0.0.0-SNAPSHOT-PR-3-1/" ../*/Chart.yaml
sed -i -e "s|repository:.*|repository: gcr.io\/myenv-283021\/udagram-api-users|" values.yaml
sed -i -e "s/tag:.*/tag: 0.0.0-SNAPSHOT-PR-3-1/" values.yaml
echo "  version: 0.0.0-SNAPSHOT-PR-3-1" >> requirements.yaml
** step helm build
WARNING: No $CHART_REPOSITORY defined so using the default value of: http://jenkins-x-chartmuseum:8080
Adding missing Helm repo: storage.googleapis.com https://storage.googleapis.com/chartmuseum.jenkins-x.io
Successfully added Helm repository storage.googleapis.com.
Adding missing Helm repo: jenkins-x-chartmuseum http://jenkins-x-chartmuseum:8080
Successfully added Helm repository jenkins-x-chartmuseum.
WARNING: No $CHART_REPOSITORY defined so using the default value of: http://jenkins-x-chartmuseum:8080
Adding missing Helm repo: chartmuseum.jenkins-x.io http://chartmuseum.jenkins-x.io
Successfully added Helm repository chartmuseum.jenkins-x.io.

Showing logs for build [32mablazleon-udagram-api-users-pr-92r7j-1[0m stage [32mfrom-build-pack[0m and container [32mstep-promote-jx-preview[0m
Creating a preview
Found commit author match for: ********* with email address: adrian.blazquez.leon@alumnos.upm.es
Created environment *********-udagram-api-users-pr-3
Namespace **-*********-udagram-api-users-pr-3 created 
expose:
  Annotations:
    helm.sh/hook: post-install,post-upgrade
    helm.sh/hook-delete-policy: hook-succeeded
  config:
    domain: 35.185.18.214.nip.io
    exposer: Ingress
    http: "true"
preview:
  image:
    repository: gcr.io/myenv-283021/udagram-api-users
    tag: 0.0.0-SNAPSHOT-PR-3-1

Updating PipelineActivities *********-udagram-api-users-pr-3-1 which has status Running
WARNING: preview application http://udagram-api-users.**-*********-udagram-api-users-pr-3.35.185.18.214.nip.io not available, error was 503 503 Service Temporarily Unavailable, delaying for: 783.034151ms
WARNING: preview application http://udagram-api-users.**-*********-udagram-api-users-pr-3.35.185.18.214.nip.io not available, error was 503 503 Service Temporarily Unavailable, delaying for: 1.077829579s
WARNING: preview application http://udagram-api-users.**-*********-udagram-api-users-pr-3.35.185.18.214.nip.io not available, error was 503 503 Service Temporarily Unavailable, delaying for: 2.409014871s
WARNING: preview application http://udagram-api-users.**-*********-udagram-api-users-pr-3.35.185.18.214.nip.io not available, error was 503 503 Service Temporarily Unavailable, delaying for: 2.690153652s
WARNING: preview application http://udagram-api-users.**-*********-udagram-api-users-pr-3.35.185.18.214.nip.io not available, error was 503 503 Service Temporarily Unavailable, delaying for: 6.912008504s
WARNING: preview application http://udagram-api-users.**-*********-udagram-api-users-pr-3.35.185.18.214.nip.io not available, error was 503 503 Service Temporarily Unavailable, delaying for: 4.011801539s
WARNING: preview application http://udagram-api-users.**-*********-udagram-api-users-pr-3.35.185.18.214.nip.io not available, error was 503 503 Service Temporarily Unavailable, delaying for: 16.803924065s
WARNING: preview application http://udagram-api-users.**-*********-udagram-api-users-pr-3.35.185.18.214.nip.io not available, error was 503 503 Service Temporarily Unavailable, delaying for: 9.553100503s
WARNING: preview application http://udagram-api-users.**-*********-udagram-api-users-pr-3.35.185.18.214.nip.io not available, error was 503 503 Service Temporarily Unavailable, delaying for: 17.255077299s
WARNING: preview application http://udagram-api-users.**-*********-udagram-api-users-pr-3.35.185.18.214.nip.io not available, error was 503 503 Service Temporarily Unavailable, delaying for: 29.928448281s
WARNING: preview application http://udagram-api-users.**-*********-udagram-api-users-pr-3.35.185.18.214.nip.io not available, error was 503 503 Service Temporarily Unavailable, delaying for: 43.452942397s
WARNING: preview application http://udagram-api-users.**-*********-udagram-api-users-pr-3.35.185.18.214.nip.io not available, error was 503 503 Service Temporarily Unavailable, delaying for: 51.708328829s
WARNING: preview application http://udagram-api-users.**-*********-udagram-api-users-pr-3.35.185.18.214.nip.io not available, error was 503 503 Service Temporarily Unavailable, delaying for: 1m23.66170376s
WARNING: preview application http://udagram-api-users.**-*********-udagram-api-users-pr-3.35.185.18.214.nip.io not available, error was 503 503 Service Temporarily Unavailable, delaying for: 34.457459937s
error: error checking if preview application http://udagram-api-users.**-*********-udagram-api-users-pr-3.35.185.18.214.nip.io is available: preview application http://udagram-api-users.**-*********-udagram-api-users-pr-3.35.185.18.214.nip.io not available, error was 503 503 Service Temporarily Unavailable
[31m
Pipeline failed on stage 'from-build-pack' : container 'step-promote-jx-preview'. The execution of the pipeline has stopped.[0m
